running egg_info
writing build/drawingbot/drawingbot.egg-info/PKG-INFO
writing dependency_links to build/drawingbot/drawingbot.egg-info/dependency_links.txt
writing entry points to build/drawingbot/drawingbot.egg-info/entry_points.txt
writing requirements to build/drawingbot/drawingbot.egg-info/requires.txt
writing top-level names to build/drawingbot/drawingbot.egg-info/top_level.txt
reading manifest file 'build/drawingbot/drawingbot.egg-info/SOURCES.txt'
writing manifest file 'build/drawingbot/drawingbot.egg-info/SOURCES.txt'
running build
running build_py
copying drawingbot/coords.py -> /home/student8/class_ws/src/drawingbot/build/drawingbot/build/lib/drawingbot
running install
running install_lib
copying /home/student8/class_ws/src/drawingbot/build/drawingbot/build/lib/drawingbot/coords.py -> /home/student8/class_ws/src/drawingbot/install/drawingbot/lib/python3.10/site-packages/drawingbot
byte-compiling /home/student8/class_ws/src/drawingbot/install/drawingbot/lib/python3.10/site-packages/drawingbot/coords.py to coords.cpython-310.pyc
running install_data
running install_egg_info
removing '/home/student8/class_ws/src/drawingbot/install/drawingbot/lib/python3.10/site-packages/drawingbot-0.0.0-py3.10.egg-info' (and everything under it)
Copying build/drawingbot/drawingbot.egg-info to /home/student8/class_ws/src/drawingbot/install/drawingbot/lib/python3.10/site-packages/drawingbot-0.0.0-py3.10.egg-info
running install_scripts
Installing coords script to /home/student8/class_ws/src/drawingbot/install/drawingbot/lib/drawingbot
Installing test script to /home/student8/class_ws/src/drawingbot/install/drawingbot/lib/drawingbot
writing list of installed files to '/home/student8/class_ws/src/drawingbot/build/drawingbot/install.log'
