[0.100s] DEBUG:colcon:Command line arguments: ['/usr/bin/colcon', 'build', '--packages-select', 'drawingbot']
[0.100s] DEBUG:colcon:Parsed command line arguments: Namespace(log_base=None, log_level=None, verb_name='build', build_base='build', install_base='install', merge_install=False, symlink_install=False, test_result_base=None, continue_on_error=False, executor='parallel', parallel_workers=8, event_handlers=None, ignore_user_meta=False, metas=['./colcon.meta'], base_paths=['.'], packages_ignore=None, packages_ignore_regex=None, paths=None, packages_up_to=None, packages_up_to_regex=None, packages_above=None, packages_above_and_dependencies=None, packages_above_depth=None, packages_select_by_dep=None, packages_skip_by_dep=None, packages_skip_up_to=None, packages_select_build_failed=False, packages_skip_build_finished=False, packages_select_test_failures=False, packages_skip_test_passed=False, packages_select=['drawingbot'], packages_skip=None, packages_select_regex=None, packages_skip_regex=None, packages_start=None, packages_end=None, allow_overriding=[], cmake_args=None, cmake_target=None, cmake_target_skip_unavailable=False, cmake_clean_cache=False, cmake_clean_first=False, cmake_force_configure=False, ament_cmake_args=None, catkin_cmake_args=None, catkin_skip_building_tests=False, verb_parser=<colcon_defaults.argument_parser.defaults.DefaultArgumentsDecorator object at 0x7f370cc38490>, verb_extension=<colcon_core.verb.build.BuildVerb object at 0x7f370cc13ee0>, main=<bound method BuildVerb.main of <colcon_core.verb.build.BuildVerb object at 0x7f370cc13ee0>>)
[0.251s] Level 1:colcon.colcon_core.package_discovery:discover_packages(colcon_meta) check parameters
[0.251s] Level 1:colcon.colcon_core.package_discovery:discover_packages(recursive) check parameters
[0.251s] Level 1:colcon.colcon_core.package_discovery:discover_packages(ignore) check parameters
[0.251s] Level 1:colcon.colcon_core.package_discovery:discover_packages(path) check parameters
[0.251s] Level 1:colcon.colcon_core.package_discovery:discover_packages(colcon_meta) discover
[0.251s] Level 1:colcon.colcon_core.package_discovery:discover_packages(recursive) discover
[0.252s] INFO:colcon.colcon_core.package_discovery:Crawling recursively for packages in '/home/student8/class_ws/src/drawingbot'
[0.252s] Level 1:colcon.colcon_core.package_identification:_identify(.) by extensions ['ignore', 'ignore_ament_install']
[0.252s] Level 1:colcon.colcon_core.package_identification:_identify(.) by extension 'ignore'
[0.252s] Level 1:colcon.colcon_core.package_identification:_identify(.) by extension 'ignore_ament_install'
[0.252s] Level 1:colcon.colcon_core.package_identification:_identify(.) by extensions ['colcon_pkg']
[0.252s] Level 1:colcon.colcon_core.package_identification:_identify(.) by extension 'colcon_pkg'
[0.252s] Level 1:colcon.colcon_core.package_identification:_identify(.) by extensions ['colcon_meta']
[0.252s] Level 1:colcon.colcon_core.package_identification:_identify(.) by extension 'colcon_meta'
[0.252s] Level 1:colcon.colcon_core.package_identification:_identify(.) by extensions ['ros']
[0.252s] Level 1:colcon.colcon_core.package_identification:_identify(.) by extension 'ros'
[0.266s] DEBUG:colcon.colcon_core.package_identification:Package '.' with type 'ros.ament_python' and name 'drawingbot'
[0.266s] Level 1:colcon.colcon_core.package_discovery:discover_packages(recursive) using defaults
[0.266s] Level 1:colcon.colcon_core.package_discovery:discover_packages(ignore) discover
[0.266s] Level 1:colcon.colcon_core.package_discovery:discover_packages(ignore) using defaults
[0.266s] Level 1:colcon.colcon_core.package_discovery:discover_packages(path) discover
[0.266s] Level 1:colcon.colcon_core.package_discovery:discover_packages(path) using defaults
[0.284s] Level 1:colcon.colcon_core.package_discovery:discover_packages(prefix_path) check parameters
[0.284s] Level 1:colcon.colcon_core.package_discovery:discover_packages(prefix_path) discover
[0.285s] DEBUG:colcon.colcon_installed_package_information.package_discovery:Found 1 installed packages in /home/student8/class_ws/src/install
[0.286s] DEBUG:colcon.colcon_installed_package_information.package_discovery:Found 333 installed packages in /opt/ros/humble
[0.288s] Level 1:colcon.colcon_core.package_discovery:discover_packages(prefix_path) using defaults
[0.338s] Level 5:colcon.colcon_core.verb:set package 'drawingbot' build argument 'cmake_args' from command line to 'None'
[0.338s] Level 5:colcon.colcon_core.verb:set package 'drawingbot' build argument 'cmake_target' from command line to 'None'
[0.338s] Level 5:colcon.colcon_core.verb:set package 'drawingbot' build argument 'cmake_target_skip_unavailable' from command line to 'False'
[0.338s] Level 5:colcon.colcon_core.verb:set package 'drawingbot' build argument 'cmake_clean_cache' from command line to 'False'
[0.338s] Level 5:colcon.colcon_core.verb:set package 'drawingbot' build argument 'cmake_clean_first' from command line to 'False'
[0.338s] Level 5:colcon.colcon_core.verb:set package 'drawingbot' build argument 'cmake_force_configure' from command line to 'False'
[0.338s] Level 5:colcon.colcon_core.verb:set package 'drawingbot' build argument 'ament_cmake_args' from command line to 'None'
[0.338s] Level 5:colcon.colcon_core.verb:set package 'drawingbot' build argument 'catkin_cmake_args' from command line to 'None'
[0.338s] Level 5:colcon.colcon_core.verb:set package 'drawingbot' build argument 'catkin_skip_building_tests' from command line to 'False'
[0.338s] DEBUG:colcon.colcon_core.verb:Building package 'drawingbot' with the following arguments: {'ament_cmake_args': None, 'build_base': '/home/student8/class_ws/src/drawingbot/build/drawingbot', 'catkin_cmake_args': None, 'catkin_skip_building_tests': False, 'cmake_args': None, 'cmake_clean_cache': False, 'cmake_clean_first': False, 'cmake_force_configure': False, 'cmake_target': None, 'cmake_target_skip_unavailable': False, 'install_base': '/home/student8/class_ws/src/drawingbot/install/drawingbot', 'merge_install': False, 'path': '/home/student8/class_ws/src/drawingbot', 'symlink_install': False, 'test_result_base': None}
[0.339s] INFO:colcon.colcon_core.executor:Executing jobs using 'parallel' executor
[0.340s] DEBUG:colcon.colcon_parallel_executor.executor.parallel:run_until_complete
[0.340s] INFO:colcon.colcon_ros.task.ament_python.build:Building ROS package in '/home/student8/class_ws/src/drawingbot' with build type 'ament_python'
[0.341s] Level 1:colcon.colcon_core.shell:create_environment_hook('drawingbot', 'ament_prefix_path')
[0.343s] INFO:colcon.colcon_core.plugin_system:Skipping extension 'colcon_core.shell.bat': Not used on non-Windows systems
[0.343s] INFO:colcon.colcon_core.shell:Creating environment hook '/home/student8/class_ws/src/drawingbot/install/drawingbot/share/drawingbot/hook/ament_prefix_path.ps1'
[0.344s] INFO:colcon.colcon_core.shell:Creating environment descriptor '/home/student8/class_ws/src/drawingbot/install/drawingbot/share/drawingbot/hook/ament_prefix_path.dsv'
[0.344s] INFO:colcon.colcon_core.shell:Creating environment hook '/home/student8/class_ws/src/drawingbot/install/drawingbot/share/drawingbot/hook/ament_prefix_path.sh'
[0.345s] INFO:colcon.colcon_core.shell:Skip shell extension 'powershell' for command environment: Not usable outside of PowerShell
[0.345s] DEBUG:colcon.colcon_core.shell:Skip shell extension 'dsv' for command environment
[0.594s] INFO:colcon.colcon_core.task.python.build:Building Python package in '/home/student8/class_ws/src/drawingbot'
[0.594s] INFO:colcon.colcon_core.shell:Skip shell extension 'powershell' for command environment: Not usable outside of PowerShell
[0.594s] DEBUG:colcon.colcon_core.shell:Skip shell extension 'dsv' for command environment
[0.944s] DEBUG:colcon.colcon_core.event_handler.log_command:Invoking command in '/home/student8/class_ws/src/drawingbot': PYTHONPATH=/home/student8/class_ws/src/drawingbot/build/drawingbot/prefix_override:/usr/lib/python3/dist-packages/colcon_core/task/python/colcon_distutils_commands:/home/student8/class_ws/src/drawingbot/install/drawingbot/lib/python3.10/site-packages:${PYTHONPATH} /usr/bin/python3 -W ignore:setup.py install is deprecated setup.py egg_info --egg-base build/drawingbot build --build-base /home/student8/class_ws/src/drawingbot/build/drawingbot/build install --record /home/student8/class_ws/src/drawingbot/build/drawingbot/install.log --single-version-externally-managed install_data
[1.225s] DEBUG:colcon.colcon_core.event_handler.log_command:Invoked command in '/home/student8/class_ws/src/drawingbot' returned '0': PYTHONPATH=/home/student8/class_ws/src/drawingbot/build/drawingbot/prefix_override:/usr/lib/python3/dist-packages/colcon_core/task/python/colcon_distutils_commands:/home/student8/class_ws/src/drawingbot/install/drawingbot/lib/python3.10/site-packages:${PYTHONPATH} /usr/bin/python3 -W ignore:setup.py install is deprecated setup.py egg_info --egg-base build/drawingbot build --build-base /home/student8/class_ws/src/drawingbot/build/drawingbot/build install --record /home/student8/class_ws/src/drawingbot/build/drawingbot/install.log --single-version-externally-managed install_data
[1.228s] Level 1:colcon.colcon_core.environment:checking '/home/student8/class_ws/src/drawingbot/install/drawingbot' for CMake module files
[1.229s] Level 1:colcon.colcon_core.environment:checking '/home/student8/class_ws/src/drawingbot/install/drawingbot' for CMake config files
[1.229s] Level 1:colcon.colcon_core.environment:checking '/home/student8/class_ws/src/drawingbot/install/drawingbot/lib'
[1.229s] Level 1:colcon.colcon_core.environment:checking '/home/student8/class_ws/src/drawingbot/install/drawingbot/bin'
[1.229s] Level 1:colcon.colcon_core.environment:checking '/home/student8/class_ws/src/drawingbot/install/drawingbot/lib/pkgconfig/drawingbot.pc'
[1.230s] Level 1:colcon.colcon_core.environment:checking '/home/student8/class_ws/src/drawingbot/install/drawingbot/lib/python3.10/site-packages'
[1.230s] Level 1:colcon.colcon_core.shell:create_environment_hook('drawingbot', 'pythonpath')
[1.230s] INFO:colcon.colcon_core.shell:Creating environment hook '/home/student8/class_ws/src/drawingbot/install/drawingbot/share/drawingbot/hook/pythonpath.ps1'
[1.230s] INFO:colcon.colcon_core.shell:Creating environment descriptor '/home/student8/class_ws/src/drawingbot/install/drawingbot/share/drawingbot/hook/pythonpath.dsv'
[1.231s] INFO:colcon.colcon_core.shell:Creating environment hook '/home/student8/class_ws/src/drawingbot/install/drawingbot/share/drawingbot/hook/pythonpath.sh'
[1.231s] Level 1:colcon.colcon_core.environment:checking '/home/student8/class_ws/src/drawingbot/install/drawingbot/bin'
[1.231s] Level 1:colcon.colcon_core.environment:create_environment_scripts_only(drawingbot)
[1.231s] INFO:colcon.colcon_core.shell:Creating package script '/home/student8/class_ws/src/drawingbot/install/drawingbot/share/drawingbot/package.ps1'
[1.232s] INFO:colcon.colcon_core.shell:Creating package descriptor '/home/student8/class_ws/src/drawingbot/install/drawingbot/share/drawingbot/package.dsv'
[1.233s] INFO:colcon.colcon_core.shell:Creating package script '/home/student8/class_ws/src/drawingbot/install/drawingbot/share/drawingbot/package.sh'
[1.233s] INFO:colcon.colcon_core.shell:Creating package script '/home/student8/class_ws/src/drawingbot/install/drawingbot/share/drawingbot/package.bash'
[1.234s] INFO:colcon.colcon_core.shell:Creating package script '/home/student8/class_ws/src/drawingbot/install/drawingbot/share/drawingbot/package.zsh'
[1.235s] Level 1:colcon.colcon_core.environment:create_file_with_runtime_dependencies(/home/student8/class_ws/src/drawingbot/install/drawingbot/share/colcon-core/packages/drawingbot)
[1.235s] DEBUG:colcon.colcon_parallel_executor.executor.parallel:closing loop
[1.235s] DEBUG:colcon.colcon_parallel_executor.executor.parallel:loop closed
[1.235s] DEBUG:colcon.colcon_parallel_executor.executor.parallel:run_until_complete finished with '0'
[1.235s] DEBUG:colcon.colcon_core.event_reactor:joining thread
[1.240s] INFO:colcon.colcon_core.plugin_system:Skipping extension 'colcon_notification.desktop_notification.terminal_notifier': Not used on non-Darwin systems
[1.240s] INFO:colcon.colcon_core.plugin_system:Skipping extension 'colcon_notification.desktop_notification.win32': Not used on non-Windows systems
[1.240s] INFO:colcon.colcon_notification.desktop_notification:Sending desktop notification using 'notify2'
[1.253s] DEBUG:colcon.colcon_core.event_reactor:joined thread
[1.253s] INFO:colcon.colcon_core.shell:Creating prefix script '/home/student8/class_ws/src/drawingbot/install/local_setup.ps1'
[1.254s] INFO:colcon.colcon_core.shell:Creating prefix util module '/home/student8/class_ws/src/drawingbot/install/_local_setup_util_ps1.py'
[1.256s] INFO:colcon.colcon_core.shell:Creating prefix chain script '/home/student8/class_ws/src/drawingbot/install/setup.ps1'
[1.257s] INFO:colcon.colcon_core.shell:Creating prefix script '/home/student8/class_ws/src/drawingbot/install/local_setup.sh'
[1.257s] INFO:colcon.colcon_core.shell:Creating prefix util module '/home/student8/class_ws/src/drawingbot/install/_local_setup_util_sh.py'
[1.258s] INFO:colcon.colcon_core.shell:Creating prefix chain script '/home/student8/class_ws/src/drawingbot/install/setup.sh'
[1.259s] INFO:colcon.colcon_core.shell:Creating prefix script '/home/student8/class_ws/src/drawingbot/install/local_setup.bash'
[1.260s] INFO:colcon.colcon_core.shell:Creating prefix chain script '/home/student8/class_ws/src/drawingbot/install/setup.bash'
[1.261s] INFO:colcon.colcon_core.shell:Creating prefix script '/home/student8/class_ws/src/drawingbot/install/local_setup.zsh'
[1.262s] INFO:colcon.colcon_core.shell:Creating prefix chain script '/home/student8/class_ws/src/drawingbot/install/setup.zsh'
